1596092664181	mozrunner::runner	INFO	Running command: "/Applications/Firefox.app/Contents/MacOS/firefox-bin" "-marionette" "-foreground" "-no-remote" "-profile" "/var/folders/5l/4pnmqtcj34ddycg_h5rvbyrm0000gn/T/rust_mozprofileFzCnvr"
console.error: SearchCache: "_readCacheFile: Error reading cache file:" (new Error("", "(unknown module)"))
1596092668429	Marionette	INFO	Listening on port 64884
1596092668458	Marionette	WARN	TLS certificate errors will be ignored for this session
1596092689015	mozrunner::runner	INFO	Running command: "/Applications/Firefox.app/Contents/MacOS/firefox-bin" "-marionette" "-foreground" "-no-remote" "-profile" "/var/folders/5l/4pnmqtcj34ddycg_h5rvbyrm0000gn/T/rust_mozprofileUr1sOL"
console.error: SearchCache: "_readCacheFile: Error reading cache file:" (new Error("", "(unknown module)"))
1596092692580	Marionette	INFO	Listening on port 65000
1596092692624	Marionette	WARN	TLS certificate errors will be ignored for this session
1596092714234	Marionette	INFO	Stopped listening on port 64884
1596092720489	mozrunner::runner	INFO	Running command: "/Applications/Firefox.app/Contents/MacOS/firefox-bin" "-marionette" "-foreground" "-no-remote" "-profile" "/var/folders/5l/4pnmqtcj34ddycg_h5rvbyrm0000gn/T/rust_mozprofilegSL16z"
console.error: SearchCache: "_readCacheFile: Error reading cache file:" (new Error("", "(unknown module)"))
1596092723608	Marionette	INFO	Listening on port 65101
1596092723674	Marionette	WARN	TLS certificate errors will be ignored for this session

###!!! [Parent][RunMessage] Error: Channel error: cannot send/recv


###!!! [Parent][MessageChannel] Error: (msgtype=0xB000D,name=PBackgroundIDBDatabase::Msg_Invalidate) Channel error: cannot send/recv


###!!! [Parent][MessageChannel] Error: (msgtype=0xB000E,name=PBackgroundIDBDatabase::Msg_CloseAfterInvalidationComplete) Channel error: cannot send/recv

1596092744510	Marionette	INFO	Stopped listening on port 65101
1596092747108	mozrunner::runner	INFO	Running command: "/Applications/Firefox.app/Contents/MacOS/firefox-bin" "-marionette" "-foreground" "-no-remote" "-profile" "/var/folders/5l/4pnmqtcj34ddycg_h5rvbyrm0000gn/T/rust_mozprofile6TjXJA"
console.error: SearchCache: "_readCacheFile: Error reading cache file:" (new Error("", "(unknown module)"))
1596092750055	Marionette	INFO	Listening on port 65196
1596092750116	Marionette	WARN	TLS certificate errors will be ignored for this session
1596092776249	mozrunner::runner	INFO	Running command: "/Applications/Firefox.app/Contents/MacOS/firefox-bin" "-marionette" "-foreground" "-no-remote" "-profile" "/var/folders/5l/4pnmqtcj34ddycg_h5rvbyrm0000gn/T/rust_mozprofilemWNLjM"
console.error: SearchCache: "_readCacheFile: Error reading cache file:" (new Error("", "(unknown module)"))
1596092779491	Marionette	INFO	Listening on port 65299
1596092779524	Marionette	WARN	TLS certificate errors will be ignored for this session
1596092803485	Marionette	INFO	Stopped listening on port 65299
1596092869380	Marionette	INFO	Stopped listening on port 65196
1596092872149	Marionette	INFO	Stopped listening on port 65000
